<?xml version="1.0" encoding="UTF-8"?>
<!-- Generated by org.testng.reporters.JUnitReportReporter -->
<testsuite hostname="Tamerlan-ThinkPad" failures="0" tests="2" name="project.mainPageTest" time="36.718" errors="0" timestamp="2020-07-21T16:32:58 EDT" skipped="0">
  <testcase classname="project.mainPageTest" name="home" time="13.971"/>
  <system-out/>
  <testcase classname="project.mainPageTest" name="home" time="22.747"/>
  <system-out/>
</testsuite> <!-- project.mainPageTest -->
