<?xml version="1.0" encoding="UTF-8"?>
<!-- Generated by org.testng.reporters.JUnitReportReporter -->
<testsuite hostname="Tamerlan-ThinkPad" failures="0" tests="1" name="project.validateNavBarTest" time="0.559" errors="0" timestamp="2020-07-21T16:27:36 EDT" skipped="0">
  <testcase classname="project.validateNavBarTest" name="home" time="0.559"/>
  <system-out/>
</testsuite> <!-- project.validateNavBarTest -->
