<?xml version="1.0" encoding="UTF-8"?>
<!-- Generated by org.testng.reporters.JUnitReportReporter -->
<testsuite hostname="Tamerlan-ThinkPad" failures="0" tests="2" name="project.mainPageTest" time="34.403" errors="0" timestamp="2020-07-24T13:53:04 EDT" skipped="0">
  <testcase classname="project.mainPageTest" name="home" time="15.864"/>
  <system-out/>
  <testcase classname="project.mainPageTest" name="home" time="18.539"/>
  <system-out/>
</testsuite> <!-- project.mainPageTest -->
