<?xml version="1.0" encoding="UTF-8"?>
<!-- Generated by org.testng.reporters.JUnitReportReporter -->
<testsuite hostname="Tamerlan-ThinkPad" failures="0" tests="1" name="project.validateTitleTest" time="0.882" errors="0" timestamp="2020-07-22T17:42:59 EDT" skipped="0">
  <testcase classname="project.validateTitleTest" name="home" time="0.882"/>
  <system-out/>
</testsuite> <!-- project.validateTitleTest -->
